<?xml version="1.0" encoding="UTF-8"?>
<!-- Generated by org.testng.reporters.JUnitReportReporter -->
<testsuite hostname="Gireeshs-MBP.attlocal.net" failures="0" tests="3" name="com.test.att.AttTest" time="26.968" errors="0" timestamp="2021-02-25T08:39:54 CST" skipped="0">
  <testcase classname="com.test.att.AttTest" name="containersCountAndHeaderVerification" time="2.510"/>
  <system-out/>
  <testcase classname="com.test.att.AttTest" name="dealsVerification" time="15.209"/>
  <system-out/>
  <testcase classname="com.test.att.AttTest" name="phonesAndDevicesVerification" time="9.249"/>
  <system-out/>
</testsuite> <!-- com.test.att.AttTest -->
