<?xml version="1.0" encoding="UTF-8"?>
<!-- Generated by org.testng.reporters.JUnitReportReporter -->
<testsuite hostname="Gireeshs-MBP.attlocal.net" failures="0" tests="7" name="com.att.automation.webpages.HomePageTest" time="29.771" errors="0" timestamp="2021-02-25T16:35:54 CST" skipped="0">
  <testcase classname="com.att.automation.webpages.HomePageTest" name="containersCountAndHeaderVerification" time="2.714"/>
  <system-out/>
  <testcase classname="com.att.automation.webpages.HomePageTest" name="dealsVerification" time="5.232"/>
  <system-out/>
  <testcase classname="com.att.automation.webpages.HomePageTest" name="phonesAndDevicesVerification" time="5.442"/>
  <system-out/>
  <testcase classname="com.att.automation.webpages.HomePageTest" name="wirelesssVerification" time="5.890"/>
  <system-out/>
  <testcase classname="com.att.automation.webpages.HomePageTest" name="accountButtonVerification" time="3.543"/>
  <system-out/>
  <testcase classname="com.att.automation.webpages.HomePageTest" name="headBandElementsVerification" time="3.031"/>
  <system-out/>
  <testcase classname="com.att.automation.webpages.HomePageTest" name="mainMenuBarListVerification" time="3.919"/>
  <system-out/>
</testsuite> <!-- com.att.automation.webpages.HomePageTest -->
